2025-02-06 12:39:55.046 [info] (Client) Pylance async client (2025.2.1) started with python extension (2024.22.2)
2025-02-06 12:39:55.738 [info] [Info  - 12:39:55 PM] (16441) Server root directory: file:///home/said/.vscode-server/extensions/ms-python.vscode-pylance-2025.2.1/dist
2025-02-06 12:39:55.739 [info] [Info  - 12:39:55 PM] (16441) Pylance language server 2025.2.1 (pyright version 1.1.393, commit 3763156f) starting
2025-02-06 12:39:55.740 [info] [Info  - 12:39:55 PM] (16441) Starting service instance "said"
2025-02-06 12:39:55.823 [info] [Info  - 12:39:55 PM] (16441) Setting environmentName for service "said": "3.12.3 (myenv venv)"
2025-02-06 12:39:55.825 [info] [Info  - 12:39:55 PM] (16441) Setting pythonPath for service "said": "/home/said/myenv/bin/python"
2025-02-06 12:39:55.826 [info] [Info  - 12:39:55 PM] (16441) No include entries specified; assuming /home/said
2025-02-06 12:39:55.829 [info] [Info  - 12:39:55 PM] (16441) Auto-excluding **/node_modules
2025-02-06 12:39:55.830 [info] [Info  - 12:39:55 PM] (16441) Auto-excluding **/__pycache__
2025-02-06 12:39:55.831 [info] [Info  - 12:39:55 PM] (16441) Auto-excluding **/.*
2025-02-06 12:39:55.870 [info] [Info  - 12:39:55 PM] (16441) Assuming Python version 3.12.3.final.0
2025-02-06 12:39:56.018 [info] [Info  - 12:39:56 PM] (16441) Auto-excluding /home/said/myenv
2025-02-06 12:39:56.025 [info] [Info  - 12:39:56 PM] (16441) Found 1 source file
2025-02-06 12:39:57.100 [info] [Info  - 12:39:57 PM] (16441) Background analysis(1) root directory: file:///home/said/.vscode-server/extensions/ms-python.vscode-pylance-2025.2.1/dist
2025-02-06 12:39:57.106 [info] [Info  - 12:39:57 PM] (16441) Background analysis(1) started
2025-02-06 12:39:57.329 [info] [Info  - 12:39:57 PM] (16441) Indexer background runner(2) root directory: file:///home/said/.vscode-server/extensions/ms-python.vscode-pylance-2025.2.1/dist (index)
2025-02-06 12:39:57.329 [info] [Info  - 12:39:57 PM] (16441) Indexing(2) started
2025-02-06 12:39:58.213 [info] [Info  - 12:39:58 PM] (16441) scanned(2) 16 files over 1 exec env
2025-02-06 12:39:59.975 [info] [Info  - 12:39:59 PM] (16441) indexed(2) 16 files over 1 exec env
2025-02-06 12:40:00.029 [info] [Info  - 12:40:00 PM] (16441) Indexing finished(2).
2025-02-06 13:19:12.502 [info] [Info  - 1:19:12 PM] (16441) Auto-excluding /home/said/myenv
2025-02-06 13:19:12.513 [info] [Info  - 1:19:12 PM] (16441) Found 1 source file
2025-02-06 13:19:18.304 [info] [Info  - 1:19:18 PM] (16441) Indexer background runner(3) root directory: file:///home/said/.vscode-server/extensions/ms-python.vscode-pylance-2025.2.1/dist (refresh)
2025-02-06 13:19:18.304 [info] [Info  - 1:19:18 PM] (16441) Indexing(3) started
2025-02-06 13:19:18.842 [info] [Info  - 1:19:18 PM] (16441) scanned(3) 15 files over 1 exec env
2025-02-06 13:19:19.191 [info] [Info  - 1:19:19 PM] (16441) indexed(3) 15 files over 1 exec env
2025-02-06 13:19:19.211 [info] [Info  - 1:19:19 PM] (16441) Indexing finished(3).
2025-02-06 13:19:38.166 [info] [Info  - 1:19:38 PM] (16441) Auto-excluding /home/said/myenv
2025-02-06 13:19:38.178 [info] [Info  - 1:19:38 PM] (16441) Found 1 source file
2025-02-06 13:19:44.397 [info] [Info  - 1:19:44 PM] (16441) Indexer background runner(4) root directory: file:///home/said/.vscode-server/extensions/ms-python.vscode-pylance-2025.2.1/dist (refresh)
2025-02-06 13:19:44.400 [info] [Info  - 1:19:44 PM] (16441) Indexing(4) started
2025-02-06 13:19:45.216 [info] [Info  - 1:19:45 PM] (16441) scanned(4) 16 files over 1 exec env
2025-02-06 13:19:45.478 [info] [Info  - 1:19:45 PM] (16441) indexed(4) 16 files over 1 exec env
2025-02-06 13:19:45.517 [info] [Info  - 1:19:45 PM] (16441) Indexing finished(4).
