2025-02-06 12:15:22.462 [info] Extension host with pid 8693 started
2025-02-06 12:15:22.462 [error] Error: EEXIST: file already exists, open '/home/said/.vscode-server/data/User/workspaceStorage/a82373bd82268efd25accd9742d2a23c/vscode.lock'
2025-02-06 12:15:22.473 [info] Lock '/home/said/.vscode-server/data/User/workspaceStorage/a82373bd82268efd25accd9742d2a23c/vscode.lock': Could not acquire lock, checking if the file is stale.
2025-02-06 12:15:22.488 [info] Lock '/home/said/.vscode-server/data/User/workspaceStorage/a82373bd82268efd25accd9742d2a23c/vscode.lock': The lock does not look stale, elapsed: 280 ms, giving up.
2025-02-06 12:15:22.527 [info] Lock '/home/said/.vscode-server/data/User/workspaceStorage/a82373bd82268efd25accd9742d2a23c-1/vscode.lock': Lock acquired.
2025-02-06 12:15:23.090 [info] ExtensionService#_doActivateExtension vscode.git-base, startup: true, activationEvent: '*', root cause: vscode.git
2025-02-06 12:15:23.168 [info] ExtensionService#_doActivateExtension vscode.git, startup: true, activationEvent: '*'
2025-02-06 12:15:23.169 [info] ExtensionService#_doActivateExtension vscode.github, startup: true, activationEvent: '*'
2025-02-06 12:15:24.394 [info] Eager extensions activated
2025-02-06 12:15:24.407 [info] ExtensionService#_doActivateExtension vscode.debug-auto-launch, startup: false, activationEvent: 'onStartupFinished'
2025-02-06 12:15:24.408 [info] ExtensionService#_doActivateExtension vscode.merge-conflict, startup: false, activationEvent: 'onStartupFinished'
2025-02-06 12:16:47.378 [info] ExtensionService#_doActivateExtension vscode.tunnel-forwarding, startup: false, activationEvent: 'onTunnel'
2025-02-06 12:17:25.669 [info] ExtensionService#_doActivateExtension vscode.npm, startup: false, activationEvent: 'onTerminalQuickFixRequest:ms-vscode.npm-command'
2025-02-06 12:17:31.062 [info] ExtensionService#_doActivateExtension vscode.configuration-editing, startup: false, activationEvent: 'onLanguage:json'
2025-02-06 12:17:31.063 [info] ExtensionService#_doActivateExtension vscode.extension-editing, startup: false, activationEvent: 'onLanguage:json'
2025-02-06 12:17:31.064 [info] ExtensionService#_doActivateExtension vscode.json-language-features, startup: false, activationEvent: 'onLanguage:json'
2025-02-06 12:17:31.065 [info] ExtensionService#_doActivateExtension vscode.emmet, startup: false, activationEvent: 'onLanguage'
2025-02-06 12:39:49.236 [info] ExtensionService#_doActivateExtension ms-python.python, startup: false, activationEvent: 'onLanguage:python', root cause: ms-python.debugpy
2025-02-06 12:39:50.127 [info] ExtensionService#_doActivateExtension ms-python.debugpy, startup: false, activationEvent: 'onLanguage:python'
2025-02-06 12:39:50.128 [info] ExtensionService#_doActivateExtension ms-python.vscode-pylance, startup: false, activationEvent: 'onLanguage:python'
2025-02-06 17:45:17.253 [warning] [Decorations] CAPPING events from decorations provider vscode.git 10000
2025-02-06 17:45:18.406 [warning] [Decorations] CAPPING events from decorations provider vscode.git 10000
