2025-02-06 12:15:24.739 [info] [main] Log level: Info
2025-02-06 12:15:24.739 [info] [main] Validating found git in: "git"
2025-02-06 12:15:24.739 [info] [main] Using git "2.43.0" from "git"
2025-02-06 12:15:24.739 [info] [Model][doInitialScan] Initial repository scan started
2025-02-06 12:15:24.739 [info] > git rev-parse --show-toplevel [17ms]
2025-02-06 12:15:24.739 [info] fatal: not a git repository (or any of the parent directories): .git
2025-02-06 12:15:24.739 [info] > git rev-parse --show-toplevel [7ms]
2025-02-06 12:15:24.739 [info] fatal: not a git repository (or any of the parent directories): .git
2025-02-06 12:15:24.739 [info] > git rev-parse --show-toplevel [6ms]
2025-02-06 12:15:24.739 [info] fatal: not a git repository (or any of the parent directories): .git
2025-02-06 12:15:24.752 [info] > git rev-parse --show-toplevel [2ms]
2025-02-06 12:15:24.752 [info] fatal: not a git repository (or any of the parent directories): .git
2025-02-06 12:15:24.772 [info] [Model][doInitialScan] Initial repository scan completed - repositories (0), closed repositories (0), parent repositories (0), unsafe repositories (0)
2025-02-06 12:38:29.572 [info] > git rev-parse --show-toplevel [12ms]
2025-02-06 12:38:29.572 [info] fatal: not a git repository (or any of the parent directories): .git
2025-02-06 12:39:08.508 [info] > git rev-parse --show-toplevel [4ms]
2025-02-06 12:39:08.509 [info] fatal: not a git repository (or any of the parent directories): .git
2025-02-06 12:39:16.046 [info] > git rev-parse --show-toplevel [3ms]
2025-02-06 12:39:16.046 [info] fatal: not a git repository (or any of the parent directories): .git
2025-02-06 12:39:17.611 [warning] [Model][getRepositoryExact] Failed to get repository realpath for: "/home/said/.vscode-server/extensions/.90bd84e3-279d-44f8-a895-3ea21ab40c57/bundled/libs/debugpy/_vendored/pydevd/pydevd_attach_to_process/linux_and_mac/". Error:Error: ENOENT: no such file or directory, realpath '/home/said/.vscode-server/extensions/.90bd84e3-279d-44f8-a895-3ea21ab40c57/bundled/libs/debugpy/_vendored/pydevd/pydevd_attach_to_process/linux_and_mac/'
2025-02-06 12:39:48.840 [info] > git rev-parse --show-toplevel [3ms]
2025-02-06 12:39:48.841 [info] fatal: not a git repository (or any of the parent directories): .git
2025-02-06 12:39:49.180 [info] > git rev-parse --show-toplevel [2ms]
2025-02-06 12:39:49.180 [info] fatal: not a git repository (or any of the parent directories): .git
2025-02-06 14:00:33.095 [info] > git rev-parse --show-toplevel [101ms]
2025-02-06 14:00:33.096 [info] fatal: not a git repository (or any of the parent directories): .git
2025-02-06 14:00:37.972 [info] > git rev-parse --show-toplevel [2ms]
2025-02-06 14:00:37.973 [info] fatal: not a git repository (or any of the parent directories): .git
2025-02-06 14:17:15.784 [info] > git rev-parse --show-toplevel [6ms]
2025-02-06 14:17:15.784 [info] fatal: not a git repository (or any of the parent directories): .git
2025-02-06 14:26:33.036 [info] > git rev-parse --show-toplevel [5ms]
2025-02-06 14:26:33.038 [info] fatal: not a git repository (or any of the parent directories): .git
2025-02-06 14:37:25.413 [info] > git rev-parse --show-toplevel [9ms]
2025-02-06 14:37:25.413 [info] fatal: not a git repository (or any of the parent directories): .git
2025-02-06 14:38:30.017 [info] > git rev-parse --show-toplevel [2ms]
2025-02-06 14:38:30.017 [info] fatal: not a git repository (or any of the parent directories): .git
2025-02-06 14:42:07.893 [info] > git rev-parse --show-toplevel [3ms]
2025-02-06 14:42:07.900 [info] > git rev-parse --git-dir --git-common-dir [1ms]
2025-02-06 14:42:07.917 [info] [Model][openRepository] Opened repository: /home/said/project_nosql
2025-02-06 14:42:07.933 [info] [Git][getRemotes] No remotes found in the git config file
2025-02-06 14:42:07.934 [info] > git config --get commit.template [8ms]
2025-02-06 14:42:07.934 [info] > git for-each-ref --format=%(refname)%00%(upstream:short)%00%(objectname)%00%(upstream:track)%00%(upstream:remotename)%00%(upstream:remoteref) refs/heads/master refs/remotes/master [3ms]
2025-02-06 14:42:07.934 [warning] [Git][getBranch] No such branch: master
2025-02-06 14:42:07.952 [info] > git status -z -uall [13ms]
2025-02-06 14:42:07.955 [info] > git for-each-ref --sort -committerdate --format %(refname) %(objectname) %(*objectname) [7ms]
2025-02-06 14:42:07.989 [info] > git for-each-ref --format=%(refname)%00%(upstream:short)%00%(objectname)%00%(upstream:track)%00%(upstream:remotename)%00%(upstream:remoteref) refs/heads/master refs/remotes/master [14ms]
2025-02-06 14:42:07.989 [warning] [Git][getBranch] No such branch: master
2025-02-06 14:42:07.990 [error] [GitHistoryProvider][resolveHEADMergeBase] Failed to resolve merge base for master: Error: No such branch: master.
2025-02-06 14:42:07.992 [info] > git config --get commit.template [5ms]
2025-02-06 14:42:07.998 [info] [Git][getRemotes] No remotes found in the git config file
2025-02-06 14:42:07.999 [info] > git for-each-ref --format=%(refname)%00%(upstream:short)%00%(objectname)%00%(upstream:track)%00%(upstream:remotename)%00%(upstream:remoteref) refs/heads/master refs/remotes/master [1ms]
2025-02-06 14:42:07.999 [warning] [Git][getBranch] No such branch: master
2025-02-06 14:42:08.018 [info] > git status -z -uall [13ms]
2025-02-06 14:42:08.019 [info] > git for-each-ref --sort -committerdate --format %(refname) %(objectname) %(*objectname) [8ms]
2025-02-06 14:42:08.240 [info] > git show --textconv :test_es.py [5ms]
2025-02-06 14:42:08.243 [info] > git ls-files --stage -- /home/said/project_nosql/test_es.py [3ms]
2025-02-06 14:42:08.458 [info] > git check-ignore -v -z --stdin [3ms]
2025-02-06 14:43:55.041 [info] [Git][getRemotes] No remotes found in the git config file
2025-02-06 14:43:55.043 [info] > git for-each-ref --format=%(refname)%00%(upstream:short)%00%(objectname)%00%(upstream:track)%00%(upstream:remotename)%00%(upstream:remoteref) refs/heads/master refs/remotes/master [3ms]
2025-02-06 14:43:55.043 [warning] [Git][getBranch] No such branch: master
2025-02-06 14:43:55.043 [info] > git config --get commit.template [8ms]
2025-02-06 14:43:55.053 [info] > git status -z -uall [6ms]
2025-02-06 14:43:55.054 [info] > git for-each-ref --sort -committerdate --format %(refname) %(objectname) %(*objectname) [2ms]
2025-02-06 14:43:55.427 [info] > git show --textconv HEAD:test_es.py [5ms]
2025-02-06 14:43:55.429 [info] > git ls-tree -l HEAD -- /home/said/project_nosql/test_es.py [2ms]
2025-02-06 14:43:55.429 [info] fatal: Not a valid object name HEAD
2025-02-06 14:43:56.260 [info] [Git][getRemotes] No remotes found in the git config file
2025-02-06 14:43:56.261 [info] > git config --get commit.template [11ms]
2025-02-06 14:43:56.262 [info] > git for-each-ref --format=%(refname)%00%(upstream:short)%00%(objectname)%00%(upstream:track)%00%(upstream:remotename)%00%(upstream:remoteref) refs/heads/master refs/remotes/master [2ms]
2025-02-06 14:43:56.262 [warning] [Git][getBranch] No such branch: master
2025-02-06 14:43:56.272 [info] > git status -z -uall [5ms]
2025-02-06 14:43:56.273 [info] > git for-each-ref --sort -committerdate --format %(refname) %(objectname) %(*objectname) [1ms]
2025-02-06 14:43:56.351 [info] > git ls-files --stage -- /home/said/project_nosql/test_es.py [5ms]
2025-02-06 14:43:56.356 [info] > git ls-tree -l HEAD -- /home/said/project_nosql/test_es.py [6ms]
2025-02-06 14:43:56.356 [info] fatal: Not a valid object name HEAD
2025-02-06 14:43:56.357 [info] > git cat-file -s fcd243624f695963abe4bcab252ed27e05d4efcf [2ms]
2025-02-06 14:43:56.368 [info] > git show --textconv HEAD:test_es.py [4ms]
2025-02-06 14:43:56.370 [info] > git show --textconv :test_es.py [2ms]
2025-02-06 14:44:26.865 [info] > git config --get commit.template [1ms]
2025-02-06 14:44:26.870 [info] [Git][getRemotes] No remotes found in the git config file
2025-02-06 14:44:26.872 [info] > git for-each-ref --format=%(refname)%00%(upstream:short)%00%(objectname)%00%(upstream:track)%00%(upstream:remotename)%00%(upstream:remoteref) refs/heads/master refs/remotes/master [2ms]
2025-02-06 14:44:26.872 [warning] [Git][getBranch] No such branch: master
2025-02-06 14:44:26.881 [info] > git status -z -uall [5ms]
2025-02-06 14:44:26.882 [info] > git for-each-ref --sort -committerdate --format %(refname) %(objectname) %(*objectname) [1ms]
2025-02-06 14:44:32.767 [info] [Git][getRemotes] No remotes found in the git config file
2025-02-06 14:44:32.769 [info] > git config --get commit.template [6ms]
2025-02-06 14:44:32.769 [info] > git for-each-ref --format=%(refname)%00%(upstream:short)%00%(objectname)%00%(upstream:track)%00%(upstream:remotename)%00%(upstream:remoteref) refs/heads/master refs/remotes/master [2ms]
2025-02-06 14:44:32.769 [warning] [Git][getBranch] No such branch: master
2025-02-06 14:44:32.777 [info] > git status -z -uall [4ms]
2025-02-06 14:44:32.778 [info] > git for-each-ref --sort -committerdate --format %(refname) %(objectname) %(*objectname) [2ms]
2025-02-06 14:44:32.871 [info] > git ls-files --stage -- /home/said/project_nosql/test_es.py [4ms]
2025-02-06 14:44:32.875 [info] > git ls-tree -l HEAD -- /home/said/project_nosql/test_es.py [5ms]
2025-02-06 14:44:32.875 [info] fatal: Not a valid object name HEAD
2025-02-06 14:44:32.876 [info] > git cat-file -s fcd243624f695963abe4bcab252ed27e05d4efcf [2ms]
2025-02-06 14:44:32.888 [info] > git show --textconv HEAD:test_es.py [4ms]
2025-02-06 14:44:32.889 [info] > git show --textconv :test_es.py [2ms]
2025-02-06 14:44:35.190 [info] [Git][getRemotes] No remotes found in the git config file
2025-02-06 14:44:35.192 [info] > git config --get commit.template [7ms]
2025-02-06 14:44:35.193 [info] > git for-each-ref --format=%(refname)%00%(upstream:short)%00%(objectname)%00%(upstream:track)%00%(upstream:remotename)%00%(upstream:remoteref) refs/heads/master refs/remotes/master [3ms]
2025-02-06 14:44:35.193 [warning] [Git][getBranch] No such branch: master
2025-02-06 14:44:35.203 [info] > git status -z -uall [4ms]
2025-02-06 14:44:35.204 [info] > git for-each-ref --sort -committerdate --format %(refname) %(objectname) %(*objectname) [1ms]
2025-02-06 14:44:36.389 [info] > git ls-files --stage -- /home/said/project_nosql/test_es.py [5ms]
2025-02-06 14:44:36.395 [info] > git ls-tree -l HEAD -- /home/said/project_nosql/test_es.py [7ms]
2025-02-06 14:44:36.395 [info] fatal: Not a valid object name HEAD
2025-02-06 14:44:36.396 [info] > git cat-file -s f052cb87effcb400d48a629173eaec991f4a5d82 [2ms]
2025-02-06 14:44:36.407 [info] > git show --textconv HEAD:test_es.py [5ms]
2025-02-06 14:44:36.408 [info] > git show --textconv :test_es.py [2ms]
2025-02-06 14:44:37.789 [info] [Git][getRemotes] No remotes found in the git config file
2025-02-06 14:44:37.790 [info] > git config --get commit.template [5ms]
2025-02-06 14:44:37.790 [info] > git for-each-ref --format=%(refname)%00%(upstream:short)%00%(objectname)%00%(upstream:track)%00%(upstream:remotename)%00%(upstream:remoteref) refs/heads/master refs/remotes/master [1ms]
2025-02-06 14:44:37.790 [warning] [Git][getBranch] No such branch: master
2025-02-06 14:44:37.798 [info] > git status -z -uall [4ms]
2025-02-06 14:44:37.799 [info] > git for-each-ref --sort -committerdate --format %(refname) %(objectname) %(*objectname) [1ms]
2025-02-06 14:45:01.753 [info] [Git][getRemotes] No remotes found in the git config file
2025-02-06 14:45:01.754 [info] > git config --get commit.template [7ms]
2025-02-06 14:45:01.755 [info] > git for-each-ref --format=%(refname)%00%(upstream:short)%00%(objectname)%00%(upstream:track)%00%(upstream:remotename)%00%(upstream:remoteref) refs/heads/master refs/remotes/master [2ms]
2025-02-06 14:45:01.755 [warning] [Git][getBranch] No such branch: master
2025-02-06 14:45:01.766 [info] > git status -z -uall [5ms]
2025-02-06 14:45:01.767 [info] > git for-each-ref --sort -committerdate --format %(refname) %(objectname) %(*objectname) [1ms]
2025-02-06 14:45:06.785 [info] [Git][getRemotes] No remotes found in the git config file
2025-02-06 14:45:06.785 [info] > git config --get commit.template [7ms]
2025-02-06 14:45:06.786 [info] > git for-each-ref --format=%(refname)%00%(upstream:short)%00%(objectname)%00%(upstream:track)%00%(upstream:remotename)%00%(upstream:remoteref) refs/heads/master refs/remotes/master [2ms]
2025-02-06 14:45:06.787 [warning] [Git][getBranch] No such branch: master
2025-02-06 14:45:06.798 [info] > git status -z -uall [6ms]
2025-02-06 14:45:06.799 [info] > git for-each-ref --sort -committerdate --format %(refname) %(objectname) %(*objectname) [2ms]
2025-02-06 14:45:11.286 [info] > git ls-files --stage -- /home/said/project_nosql/test_es.py [4ms]
2025-02-06 14:45:11.291 [info] > git ls-tree -l HEAD -- /home/said/project_nosql/test_es.py [6ms]
2025-02-06 14:45:11.291 [info] fatal: Not a valid object name HEAD
2025-02-06 14:45:11.292 [info] > git cat-file -s f052cb87effcb400d48a629173eaec991f4a5d82 [2ms]
2025-02-06 14:45:11.303 [info] > git show --textconv HEAD:test_es.py [4ms]
2025-02-06 14:45:11.305 [info] > git show --textconv :test_es.py [2ms]
2025-02-06 14:45:11.813 [info] [Git][getRemotes] No remotes found in the git config file
2025-02-06 14:45:11.814 [info] > git config --get commit.template [7ms]
2025-02-06 14:45:11.814 [info] > git for-each-ref --format=%(refname)%00%(upstream:short)%00%(objectname)%00%(upstream:track)%00%(upstream:remotename)%00%(upstream:remoteref) refs/heads/master refs/remotes/master [1ms]
2025-02-06 14:45:11.814 [warning] [Git][getBranch] No such branch: master
2025-02-06 14:45:11.825 [info] > git status -z -uall [7ms]
2025-02-06 14:45:11.826 [info] > git for-each-ref --sort -committerdate --format %(refname) %(objectname) %(*objectname) [3ms]
2025-02-06 14:46:19.212 [info] > git config --get commit.template [3ms]
2025-02-06 14:46:19.220 [info] > git for-each-ref --format=%(refname)%00%(upstream:short)%00%(objectname)%00%(upstream:track)%00%(upstream:remotename)%00%(upstream:remoteref) refs/heads/master refs/remotes/master [2ms]
2025-02-06 14:46:19.220 [warning] [Git][getBranch] No such branch: master
2025-02-06 14:46:19.232 [info] > git status -z -uall [7ms]
2025-02-06 14:46:19.233 [info] > git for-each-ref --sort -committerdate --format %(refname) %(objectname) %(*objectname) [2ms]
2025-02-06 14:46:19.312 [info] > git ls-files --stage -- /home/said/project_nosql/test_es.py [5ms]
2025-02-06 14:46:19.318 [info] > git ls-tree -l HEAD -- /home/said/project_nosql/test_es.py [7ms]
2025-02-06 14:46:19.318 [info] fatal: Not a valid object name HEAD
2025-02-06 14:46:19.319 [info] > git cat-file -s f052cb87effcb400d48a629173eaec991f4a5d82 [3ms]
2025-02-06 14:46:19.332 [info] > git show --textconv HEAD:test_es.py [6ms]
2025-02-06 14:46:19.334 [info] > git show --textconv :test_es.py [3ms]
2025-02-06 14:48:32.355 [info] > git config --get commit.template [6ms]
2025-02-06 14:48:32.356 [info] > git for-each-ref --format=%(refname)%00%(upstream:short)%00%(objectname)%00%(upstream:track)%00%(upstream:remotename)%00%(upstream:remoteref) refs/heads/master refs/remotes/master [3ms]
2025-02-06 14:48:32.356 [warning] [Git][getBranch] No such branch: master
2025-02-06 14:48:32.365 [info] > git status -z -uall [5ms]
2025-02-06 14:48:32.366 [info] > git for-each-ref --sort -committerdate --format %(refname) %(objectname) %(*objectname) [1ms]
2025-02-06 14:53:31.717 [info] > git config --get commit.template [10ms]
2025-02-06 14:53:31.717 [info] > git for-each-ref --format=%(refname)%00%(upstream:short)%00%(objectname)%00%(upstream:track)%00%(upstream:remotename)%00%(upstream:remoteref) refs/heads/master refs/remotes/master [2ms]
2025-02-06 14:53:31.718 [warning] [Git][getBranch] No such branch: master
2025-02-06 14:53:31.729 [info] > git status -z -uall [6ms]
2025-02-06 14:53:31.730 [info] > git for-each-ref --sort -committerdate --format %(refname) %(objectname) %(*objectname) [2ms]
2025-02-06 14:53:31.832 [info] > git ls-tree -l HEAD -- /home/said/project_nosql/test_es.py [3ms]
2025-02-06 14:53:31.832 [info] fatal: Not a valid object name HEAD
2025-02-06 14:53:31.833 [info] > git ls-files --stage -- /home/said/project_nosql/test_es.py [9ms]
2025-02-06 14:53:31.838 [info] > git cat-file -s f052cb87effcb400d48a629173eaec991f4a5d82 [1ms]
2025-02-06 14:53:31.852 [info] > git show --textconv HEAD:test_es.py [6ms]
2025-02-06 14:53:31.853 [info] > git show --textconv :test_es.py [2ms]
2025-02-06 14:55:19.559 [info] > git config --get commit.template [12ms]
2025-02-06 14:55:19.560 [info] > git for-each-ref --format=%(refname)%00%(upstream:short)%00%(objectname)%00%(upstream:track)%00%(upstream:remotename)%00%(upstream:remoteref) refs/heads/master refs/remotes/master [7ms]
2025-02-06 14:55:19.560 [warning] [Git][getBranch] No such branch: master
2025-02-06 14:55:19.569 [info] > git status -z -uall [5ms]
2025-02-06 14:55:19.570 [info] > git for-each-ref --sort -committerdate --format %(refname) %(objectname) %(*objectname) [1ms]
2025-02-06 14:56:37.313 [info] > git rev-parse --show-toplevel [3ms]
2025-02-06 14:56:37.313 [info] fatal: not a git repository (or any of the parent directories): .git
2025-02-06 14:57:17.170 [info] > git rev-parse --show-toplevel [1ms]
2025-02-06 14:57:17.171 [info] fatal: not a git repository (or any of the parent directories): .git
2025-02-06 14:58:04.469 [info] > git config --get commit.template [7ms]
2025-02-06 14:58:04.470 [info] > git for-each-ref --format=%(refname)%00%(upstream:short)%00%(objectname)%00%(upstream:track)%00%(upstream:remotename)%00%(upstream:remoteref) refs/heads/master refs/remotes/master [1ms]
2025-02-06 14:58:04.487 [info] > git status -z -uall [9ms]
2025-02-06 14:58:04.490 [info] > git for-each-ref --sort -committerdate --format %(refname) %(objectname) %(*objectname) [3ms]
2025-02-06 14:58:04.923 [info] > git blame --root --incremental 0900c24ba4bf7bdcd68e59e0b039a3c570b40530 -- /home/said/project_nosql/test_es.py [1ms]
2025-02-06 14:58:05.578 [info] > git config --get commit.template [2ms]
2025-02-06 14:58:05.583 [info] > git for-each-ref --format=%(refname)%00%(upstream:short)%00%(objectname)%00%(upstream:track)%00%(upstream:remotename)%00%(upstream:remoteref) refs/heads/master refs/remotes/master [1ms]
2025-02-06 14:58:05.591 [info] > git status -z -uall [4ms]
2025-02-06 14:58:05.592 [info] > git for-each-ref --sort -committerdate --format %(refname) %(objectname) %(*objectname) [1ms]
2025-02-06 14:58:05.682 [info] > git ls-files --stage -- /home/said/project_nosql/test_es.py [2ms]
2025-02-06 14:58:05.688 [info] > git cat-file -s f052cb87effcb400d48a629173eaec991f4a5d82 [1ms]
2025-02-06 14:58:05.700 [info] > git show --textconv :test_es.py [1ms]
2025-02-06 15:02:02.934 [info] > git config --get commit.template [5ms]
2025-02-06 15:02:02.935 [info] > git for-each-ref --format=%(refname)%00%(upstream:short)%00%(objectname)%00%(upstream:track)%00%(upstream:remotename)%00%(upstream:remoteref) refs/heads/master refs/remotes/master [2ms]
2025-02-06 15:02:02.946 [info] > git status -z -uall [6ms]
2025-02-06 15:02:02.948 [info] > git for-each-ref --sort -committerdate --format %(refname) %(objectname) %(*objectname) [2ms]
2025-02-06 15:52:24.639 [info] > git check-ignore -v -z --stdin [48ms]
2025-02-06 15:52:25.134 [info] > git config --get commit.template [11ms]
2025-02-06 15:52:25.176 [info] > git for-each-ref --format=%(refname)%00%(upstream:short)%00%(objectname)%00%(upstream:track)%00%(upstream:remotename)%00%(upstream:remoteref) refs/heads/master refs/remotes/master [18ms]
2025-02-06 15:52:25.216 [info] > git status -z -uall [23ms]
2025-02-06 15:52:25.225 [info] > git for-each-ref --sort -committerdate --format %(refname) %(objectname) %(*objectname) [16ms]
2025-02-06 15:53:18.400 [info] > git config --get commit.template [11ms]
2025-02-06 15:53:18.401 [info] > git for-each-ref --format=%(refname)%00%(upstream:short)%00%(objectname)%00%(upstream:track)%00%(upstream:remotename)%00%(upstream:remoteref) refs/heads/master refs/remotes/master [3ms]
2025-02-06 15:53:18.416 [info] > git status -z -uall [8ms]
2025-02-06 15:53:18.419 [info] > git for-each-ref --sort -committerdate --format %(refname) %(objectname) %(*objectname) [3ms]
2025-02-06 15:53:18.552 [info] > git ls-files --stage -- /home/said/project_nosql/test_es.py [6ms]
2025-02-06 15:53:18.562 [info] > git cat-file -s f052cb87effcb400d48a629173eaec991f4a5d82 [3ms]
2025-02-06 15:53:18.580 [info] > git show --textconv :test_es.py [5ms]
2025-02-06 15:53:25.139 [info] > git config --get commit.template [10ms]
2025-02-06 15:53:25.141 [info] > git for-each-ref --format=%(refname)%00%(upstream:short)%00%(objectname)%00%(upstream:track)%00%(upstream:remotename)%00%(upstream:remoteref) refs/heads/master refs/remotes/master [3ms]
2025-02-06 15:53:25.159 [info] > git status -z -uall [11ms]
2025-02-06 15:53:25.163 [info] > git for-each-ref --sort -committerdate --format %(refname) %(objectname) %(*objectname) [4ms]
2025-02-06 15:53:25.240 [info] > git ls-files --stage -- /home/said/project_nosql/test_es.py [3ms]
2025-02-06 15:53:25.251 [info] > git cat-file -s f052cb87effcb400d48a629173eaec991f4a5d82 [3ms]
2025-02-06 15:53:25.271 [info] > git show --textconv :test_es.py [5ms]
2025-02-06 15:53:43.925 [info] > git config --get commit.template [12ms]
2025-02-06 15:53:43.927 [info] > git for-each-ref --format=%(refname)%00%(upstream:short)%00%(objectname)%00%(upstream:track)%00%(upstream:remotename)%00%(upstream:remoteref) refs/heads/master refs/remotes/master [4ms]
2025-02-06 15:53:43.948 [info] > git status -z -uall [12ms]
2025-02-06 15:53:43.950 [info] > git for-each-ref --sort -committerdate --format %(refname) %(objectname) %(*objectname) [6ms]
2025-02-06 15:53:43.968 [info] > git blame --root --incremental 1ba3fe3be7e0ddb2bed6718a0dac28fb2b5a7440 -- /home/said/project_nosql/test_es.py [5ms]
2025-02-06 15:53:44.067 [info] > git ls-files --stage -- /home/said/project_nosql/test_es.py [3ms]
2025-02-06 15:53:44.078 [info] > git cat-file -s f052cb87effcb400d48a629173eaec991f4a5d82 [3ms]
2025-02-06 15:53:44.138 [info] > git show --textconv :test_es.py [4ms]
2025-02-06 15:55:35.848 [info] > git show --textconv :docker-compose.yml [15ms]
2025-02-06 15:55:35.852 [info] > git ls-files --stage -- /home/said/project_nosql/docker-compose.yml [10ms]
2025-02-06 15:55:35.862 [info] > git cat-file -s eb3690d78dd7966bd2c1779b9f5bc429c550219e [3ms]
2025-02-06 15:55:35.894 [info] > git blame --root --incremental 1ba3fe3be7e0ddb2bed6718a0dac28fb2b5a7440 -- /home/said/project_nosql/docker-compose.yml [5ms]
2025-02-06 15:55:37.431 [info] > git show --textconv :test_es.py [14ms]
2025-02-06 15:55:37.436 [info] > git ls-files --stage -- /home/said/project_nosql/test_es.py [7ms]
2025-02-06 15:55:37.449 [info] > git cat-file -s f052cb87effcb400d48a629173eaec991f4a5d82 [3ms]
2025-02-06 15:56:30.926 [info] > git rev-parse --show-toplevel [4ms]
2025-02-06 15:56:30.926 [info] fatal: not a git repository (or any of the parent directories): .git
2025-02-06 16:15:03.736 [info] > git rev-parse --show-toplevel [7ms]
2025-02-06 16:15:03.737 [info] fatal: not a git repository (or any of the parent directories): .git
2025-02-06 16:15:17.738 [info] > git rev-parse --show-toplevel [2ms]
2025-02-06 16:15:17.739 [info] fatal: not a git repository (or any of the parent directories): .git
2025-02-06 16:19:13.209 [info] > git rev-parse --show-toplevel [6ms]
2025-02-06 16:19:13.209 [info] fatal: not a git repository (or any of the parent directories): .git
2025-02-06 16:21:04.722 [info] > git rev-parse --show-toplevel [4ms]
2025-02-06 16:21:04.722 [info] fatal: not a git repository (or any of the parent directories): .git
2025-02-06 16:21:30.172 [info] > git rev-parse --show-toplevel [3ms]
2025-02-06 16:21:30.172 [info] fatal: not a git repository (or any of the parent directories): .git
2025-02-06 16:21:36.280 [info] > git rev-parse --show-toplevel [2ms]
2025-02-06 16:21:36.280 [info] fatal: not a git repository (or any of the parent directories): .git
2025-02-06 16:25:06.378 [info] > git rev-parse --show-toplevel [5ms]
2025-02-06 16:25:06.378 [info] fatal: not a git repository (or any of the parent directories): .git
2025-02-06 16:37:38.033 [info] > git rev-parse --show-toplevel [7ms]
2025-02-06 16:37:38.033 [info] fatal: not a git repository (or any of the parent directories): .git
2025-02-06 17:04:19.169 [info] > git ls-files --stage -- /home/said/project_nosql/test_es.py [10ms]
2025-02-06 17:04:19.181 [info] > git show --textconv :test_es.py [38ms]
2025-02-06 17:04:19.190 [info] > git cat-file -s f052cb87effcb400d48a629173eaec991f4a5d82 [10ms]
2025-02-06 17:04:20.720 [info] > git rev-parse --show-toplevel [2ms]
2025-02-06 17:04:20.721 [info] fatal: not a git repository (or any of the parent directories): .git
2025-02-06 17:06:17.298 [info] > git rev-parse --show-toplevel [16ms]
2025-02-06 17:06:17.306 [info] fatal: not a git repository (or any of the parent directories): .git
2025-02-06 17:15:04.334 [info] > git rev-parse --show-toplevel [16ms]
2025-02-06 17:15:04.336 [info] fatal: not a git repository (or any of the parent directories): .git
2025-02-06 17:16:11.879 [info] > git rev-parse --show-toplevel [1ms]
2025-02-06 17:16:11.879 [info] fatal: not a git repository (or any of the parent directories): .git
2025-02-06 17:16:24.992 [info] > git rev-parse --show-toplevel [1ms]
2025-02-06 17:16:24.992 [info] fatal: not a git repository (or any of the parent directories): .git
2025-02-06 17:16:35.789 [info] > git rev-parse --show-toplevel [3ms]
2025-02-06 17:16:35.789 [info] fatal: not a git repository (or any of the parent directories): .git
2025-02-06 17:16:40.533 [info] > git rev-parse --show-toplevel [12ms]
2025-02-06 17:16:40.533 [info] fatal: not a git repository (or any of the parent directories): .git
2025-02-06 17:16:41.747 [info] > git rev-parse --show-toplevel [2ms]
2025-02-06 17:16:41.747 [info] fatal: not a git repository (or any of the parent directories): .git
2025-02-06 17:20:06.740 [info] > git rev-parse --show-toplevel [23ms]
2025-02-06 17:20:06.741 [info] fatal: not a git repository (or any of the parent directories): .git
2025-02-06 17:21:29.727 [info] > git rev-parse --show-toplevel [6ms]
2025-02-06 17:21:29.727 [info] fatal: not a git repository (or any of the parent directories): .git
2025-02-06 17:27:41.448 [info] > git rev-parse --show-toplevel [9ms]
2025-02-06 17:27:41.449 [info] fatal: not a git repository (or any of the parent directories): .git
2025-02-06 17:36:41.771 [info] > git rev-parse --show-toplevel [14ms]
2025-02-06 17:36:41.773 [info] fatal: not a git repository (or any of the parent directories): .git
2025-02-06 17:40:23.500 [info] > git rev-parse --show-toplevel [2ms]
2025-02-06 17:40:23.508 [info] > git rev-parse --git-dir --git-common-dir [1ms]
2025-02-06 17:40:23.519 [info] [Model][openRepository] Opened repository: /home/said/elk_csv
2025-02-06 17:40:23.531 [info] > git config --get commit.template [6ms]
2025-02-06 17:40:23.535 [info] [Git][getRemotes] No remotes found in the git config file
2025-02-06 17:40:23.541 [info] > git for-each-ref --format=%(refname)%00%(upstream:short)%00%(objectname)%00%(upstream:track)%00%(upstream:remotename)%00%(upstream:remoteref) refs/heads/master refs/remotes/master [6ms]
2025-02-06 17:40:23.541 [warning] [Git][getBranch] No such branch: master
2025-02-06 17:40:23.551 [info] > git status -z -uall [6ms]
2025-02-06 17:40:23.552 [info] > git for-each-ref --sort -committerdate --format %(refname) %(objectname) %(*objectname) [3ms]
2025-02-06 17:40:23.573 [info] > git for-each-ref --format=%(refname)%00%(upstream:short)%00%(objectname)%00%(upstream:track)%00%(upstream:remotename)%00%(upstream:remoteref) refs/heads/master refs/remotes/master [13ms]
2025-02-06 17:40:23.573 [warning] [Git][getBranch] No such branch: master
2025-02-06 17:40:23.574 [error] [GitHistoryProvider][resolveHEADMergeBase] Failed to resolve merge base for master: Error: No such branch: master.
2025-02-06 17:40:23.578 [info] > git config --get commit.template [6ms]
2025-02-06 17:40:23.583 [info] [Git][getRemotes] No remotes found in the git config file
2025-02-06 17:40:23.585 [info] > git for-each-ref --format=%(refname)%00%(upstream:short)%00%(objectname)%00%(upstream:track)%00%(upstream:remotename)%00%(upstream:remoteref) refs/heads/master refs/remotes/master [2ms]
2025-02-06 17:40:23.585 [warning] [Git][getBranch] No such branch: master
2025-02-06 17:40:23.600 [info] > git status -z -uall [10ms]
2025-02-06 17:40:23.601 [info] > git for-each-ref --sort -committerdate --format %(refname) %(objectname) %(*objectname) [6ms]
2025-02-06 17:40:23.849 [info] > git show --textconv :logstash/logstash.yml [6ms]
2025-02-06 17:40:23.850 [info] > git ls-files --stage -- /home/said/elk_csv/logstash/logstash.yml [2ms]
2025-02-06 17:40:24.095 [info] > git check-ignore -v -z --stdin [4ms]
2025-02-06 17:40:24.104 [info] > git check-ignore -v -z --stdin [10ms]
2025-02-06 17:40:33.555 [info] [Git][getRemotes] No remotes found in the git config file
2025-02-06 17:40:33.556 [info] > git config --get commit.template [8ms]
2025-02-06 17:40:33.557 [info] > git for-each-ref --format=%(refname)%00%(upstream:short)%00%(objectname)%00%(upstream:track)%00%(upstream:remotename)%00%(upstream:remoteref) refs/heads/master refs/remotes/master [2ms]
2025-02-06 17:40:33.557 [warning] [Git][getBranch] No such branch: master
2025-02-06 17:40:33.567 [info] > git status -z -uall [5ms]
2025-02-06 17:40:33.568 [info] > git for-each-ref --sort -committerdate --format %(refname) %(objectname) %(*objectname) [2ms]
2025-02-06 17:40:33.664 [info] > git ls-files --stage -- /home/said/elk_csv/logstash/logstash.yml [1ms]
2025-02-06 17:40:33.670 [info] > git cat-file -s d3fc41871ad788884c1283e96995d2eab89ce927 [3ms]
2025-02-06 17:40:33.680 [info] > git show --textconv :logstash/logstash.yml [2ms]
2025-02-06 17:40:33.915 [info] > git show --textconv HEAD:logstash/logstash.yml [7ms]
2025-02-06 17:40:33.916 [info] > git ls-tree -l HEAD -- /home/said/elk_csv/logstash/logstash.yml [2ms]
2025-02-06 17:40:33.916 [info] fatal: Not a valid object name HEAD
2025-02-06 17:40:51.056 [info] [Git][getRemotes] No remotes found in the git config file
2025-02-06 17:40:51.057 [info] > git config --get commit.template [6ms]
2025-02-06 17:40:51.058 [info] > git for-each-ref --format=%(refname)%00%(upstream:short)%00%(objectname)%00%(upstream:track)%00%(upstream:remotename)%00%(upstream:remoteref) refs/heads/master refs/remotes/master [2ms]
2025-02-06 17:40:51.066 [info] > git status -z -uall [5ms]
2025-02-06 17:40:51.067 [info] > git for-each-ref --sort -committerdate --format %(refname) %(objectname) %(*objectname) [2ms]
2025-02-06 17:40:51.157 [info] > git ls-files --stage -- /home/said/elk_csv/logstash/logstash.yml [4ms]
2025-02-06 17:40:51.162 [info] > git ls-tree -l HEAD -- /home/said/elk_csv/logstash/logstash.yml [5ms]
2025-02-06 17:40:51.163 [info] > git cat-file -s d3fc41871ad788884c1283e96995d2eab89ce927 [2ms]
2025-02-06 17:40:51.174 [info] > git show --textconv HEAD:logstash/logstash.yml [4ms]
2025-02-06 17:40:51.175 [info] > git show --textconv :logstash/logstash.yml [2ms]
2025-02-06 17:40:51.399 [info] > git blame --root --incremental 52ddeb36bc59b585855d495bcfd4a7ad3613d007 -- /home/said/elk_csv/logstash/logstash.yml [2ms]
2025-02-06 17:43:13.283 [info] > git config --get commit.template [5ms]
2025-02-06 17:43:13.291 [info] > git for-each-ref --format=%(refname)%00%(upstream:short)%00%(objectname)%00%(upstream:track)%00%(upstream:remotename)%00%(upstream:remoteref) refs/heads/master refs/remotes/master [8ms]
2025-02-06 17:43:13.301 [info] > git status -z -uall [6ms]
2025-02-06 17:43:13.302 [info] > git for-each-ref --sort -committerdate --format %(refname) %(objectname) %(*objectname) [2ms]
2025-02-06 17:43:13.398 [info] > git ls-files --stage -- /home/said/elk_csv/logstash/logstash.yml [4ms]
2025-02-06 17:43:13.406 [info] > git cat-file -s d3fc41871ad788884c1283e96995d2eab89ce927 [2ms]
2025-02-06 17:43:13.417 [info] > git show --textconv :logstash/logstash.yml [2ms]
2025-02-06 17:45:06.506 [info] > git rev-parse --show-toplevel [2ms]
2025-02-06 17:45:06.513 [info] > git rev-parse --git-dir --git-common-dir [1ms]
2025-02-06 17:45:06.517 [info] [Model][openRepository] Opened repository: /home/said
2025-02-06 17:45:06.528 [info] [Git][getRemotes] No remotes found in the git config file
2025-02-06 17:45:06.528 [info] > git config --get commit.template [5ms]
2025-02-06 17:45:06.529 [info] > git for-each-ref --format=%(refname)%00%(upstream:short)%00%(objectname)%00%(upstream:track)%00%(upstream:remotename)%00%(upstream:remoteref) refs/heads/master refs/remotes/master [2ms]
2025-02-06 17:45:06.529 [warning] [Git][getBranch] No such branch: master
2025-02-06 17:45:06.539 [info] > git for-each-ref --sort -committerdate --format %(refname) %(objectname) %(*objectname) [2ms]
2025-02-06 17:45:07.078 [info] > git check-ignore -v -z --stdin [12ms]
2025-02-06 17:45:07.079 [info] > git check-ignore -v -z --stdin [8ms]
2025-02-06 17:45:07.080 [info] > git check-ignore -v -z --stdin [3ms]
2025-02-06 17:45:07.347 [info] > git status -z -uall [814ms] (cancelled)
2025-02-06 17:45:17.289 [info] > git for-each-ref --format=%(refname)%00%(upstream:short)%00%(objectname)%00%(upstream:track)%00%(upstream:remotename)%00%(upstream:remoteref) refs/heads/master refs/remotes/master [10ms]
2025-02-06 17:45:17.290 [warning] [Git][getBranch] No such branch: master
2025-02-06 17:45:17.291 [error] [GitHistoryProvider][resolveHEADMergeBase] Failed to resolve merge base for master: Error: No such branch: master.
2025-02-06 17:45:17.293 [info] > git config --get commit.template [6ms]
2025-02-06 17:45:17.294 [info] [Git][getRemotes] No remotes found in the git config file
2025-02-06 17:45:18.147 [info] > git for-each-ref --format=%(refname)%00%(upstream:short)%00%(objectname)%00%(upstream:track)%00%(upstream:remotename)%00%(upstream:remoteref) refs/heads/master refs/remotes/master [847ms]
2025-02-06 17:45:18.147 [warning] [Git][getBranch] No such branch: master
2025-02-06 17:45:18.275 [info] > git for-each-ref --sort -committerdate --format %(refname) %(objectname) %(*objectname) [117ms]
2025-02-06 17:45:18.421 [info] > git status -z -uall [268ms] (cancelled)
2025-02-06 17:46:22.187 [info] > git ls-files --stage -- /home/said/elk_csv/logstash/logstash.yml [8ms]
2025-02-06 17:46:22.194 [info] > git cat-file -s d3fc41871ad788884c1283e96995d2eab89ce927 [3ms]
2025-02-06 17:46:22.205 [info] > git show --textconv :logstash/logstash.yml [3ms]
2025-02-06 17:48:04.337 [info] > git ls-files --stage -- /home/said/elk_csv/logstash/logstash.yml [5ms]
2025-02-06 17:48:04.347 [info] > git cat-file -s d3fc41871ad788884c1283e96995d2eab89ce927 [2ms]
2025-02-06 17:48:04.360 [info] > git show --textconv :logstash/logstash.yml [2ms]
2025-02-06 17:49:04.435 [info] > git ls-files --stage -- /home/said/elk_csv/logstash/logstash.yml [2ms]
2025-02-06 17:49:04.442 [info] > git cat-file -s d3fc41871ad788884c1283e96995d2eab89ce927 [3ms]
2025-02-06 17:49:04.506 [info] > git show --textconv :logstash/logstash.yml [9ms]
2025-02-06 17:49:26.799 [info] > git ls-files --stage -- /home/said/elk_csv/logstash/logstash.yml [1ms]
2025-02-06 17:49:26.805 [info] > git cat-file -s d3fc41871ad788884c1283e96995d2eab89ce927 [2ms]
2025-02-06 17:49:26.816 [info] > git show --textconv :logstash/logstash.yml [2ms]
2025-02-06 17:50:58.960 [info] > git ls-files --stage -- /home/said/elk_csv/logstash/logstash.yml [2ms]
2025-02-06 17:50:58.965 [info] > git cat-file -s d3fc41871ad788884c1283e96995d2eab89ce927 [1ms]
2025-02-06 17:50:58.975 [info] > git show --textconv :logstash/logstash.yml [2ms]
2025-02-06 17:51:48.264 [info] > git ls-files --stage -- /home/said/elk_csv/logstash/logstash.yml [2ms]
2025-02-06 17:51:48.268 [info] > git cat-file -s d3fc41871ad788884c1283e96995d2eab89ce927 [1ms]
2025-02-06 17:51:48.279 [info] > git show --textconv :logstash/logstash.yml [2ms]
2025-02-06 17:53:38.395 [info] > git ls-files --stage -- /home/said/elk_csv/logstash/logstash.yml [1ms]
2025-02-06 17:53:38.400 [info] > git cat-file -s d3fc41871ad788884c1283e96995d2eab89ce927 [1ms]
2025-02-06 17:53:38.411 [info] > git show --textconv :logstash/logstash.yml [2ms]
2025-02-06 17:53:48.734 [info] > git ls-files --stage -- /home/said/elk_csv/logstash/logstash.yml [6ms]
2025-02-06 17:53:48.745 [info] > git cat-file -s d3fc41871ad788884c1283e96995d2eab89ce927 [2ms]
2025-02-06 17:53:48.758 [info] > git show --textconv :logstash/logstash.yml [3ms]
2025-02-06 17:54:29.633 [info] > git ls-files --stage -- /home/said/elk_csv/logstash/logstash.yml [5ms]
2025-02-06 17:54:29.644 [info] > git cat-file -s d3fc41871ad788884c1283e96995d2eab89ce927 [2ms]
2025-02-06 17:54:29.659 [info] > git show --textconv :logstash/logstash.yml [5ms]
2025-02-06 17:55:31.693 [info] > git ls-files --stage -- /home/said/elk_csv/logstash/logstash.yml [2ms]
2025-02-06 17:55:31.699 [info] > git cat-file -s d3fc41871ad788884c1283e96995d2eab89ce927 [2ms]
2025-02-06 17:55:31.709 [info] > git show --textconv :logstash/logstash.yml [2ms]
